<?xml version="1.0" encoding="UTF-8"?>
<!-- Generated by org.testng.reporters.JUnitReportReporter -->
<testsuite hostname="NhanTran-VAIO" failures="0" tests="1" name="TestNG.FirstTestCase" time="67.581" errors="0" timestamp="13 May 2018 05:14:54 GMT" skipped="0">
  <testcase classname="TestNG.FirstTestCase" name="main" time="67.581"/>
</testsuite> <!-- TestNG.FirstTestCase -->
